<?xml version="1.0" encoding="utf-8"?><testsuites name="pytest tests"><testsuite name="pytest" errors="0" failures="0" skipped="0" tests="5" time="0.933" timestamp="2026-05-09T10:49:00.898798+00:00" hostname="agent-env-98038907-5e26-4f90-9527-a5234d055c7d"><testcase classname="backend.tests.backend_test" name="test_root" time="0.192" /><testcase classname="backend.tests.backend_test" name="test_contact_create_valid" time="0.137" /><testcase classname="backend.tests.backend_test" name="test_contact_invalid_email" time="0.106" /><testcase classname="backend.tests.backend_test" name="test_contact_too_short" time="0.138" /><testcase classname="backend.tests.backend_test" name="test_contact_list" time="0.138" /></testsuite></testsuites>